Build started 21.04.2016 19:07:06.
     1>Project "D:\ppcoin-master\MSVC2013\MSVC2013\db-4.8.30\build_windows\db.vcxproj" on node 2 (Build target(s)).
     1>ClCompile:
         C:\Program Files (x86)\Microsoft Visual Studio 2013\VC\bin\CL.exe /c /I../build_windows /I../ /I../dbinc /Zi /nologo /W3 /WX- /Od /Oy- /D WIN32 /D _WINDOWS /D _CRT_SECURE_NO_DEPRECATE /D _CRT_NONSTDC_NO_DEPRECATE /D _DEBUG /D DB_CREATE_DLL /D WIN32 /D _UNICODE /D UNICODE /D DIAGNOSTIC /D CONFIG_TEST /D _USRDLL /D _WINDLL /D _MBCS /GF /Gm /EHsc /RTC1 /MDd /GS /fp:precise /Zc:wchar_t /Zc:forScope /Fo"..\build_windows\Win32\Debug\db/" /Fd"./..\build_windows\Win32\Debug\db\vc120.pdb" /Gd /TC /analyze- /errorReport:prompt ..\btree\btree_auto.c ..\btree\bt_compact.c ..\btree\bt_compare.c ..\btree\bt_compress.c ..\btree\bt_conv.c ..\btree\bt_curadj.c ..\btree\bt_cursor.c ..\btree\bt_delete.c ..\btree\bt_method.c ..\btree\bt_open.c ..\btree\bt_put.c ..\btree\bt_rec.c ..\btree\bt_reclaim.c ..\btree\bt_recno.c ..\btree\bt_rsearch.c ..\btree\bt_search.c ..\btree\bt_split.c ..\btree\bt_stat.c ..\btree\bt_upgrade.c ..\btree\bt_verify.c ..\clib\strsep.c ..\common\dbt.c ..\common\db_byteorder.c ..\common\db_compint.c ..\common\db_err.c ..\common\db_getlong.c ..\common\db_idspace.c ..\common\db_log2.c ..\common\db_shash.c ..\common\mkpath.c ..\common\openflags.c ..\common\os_method.c ..\common\util_cache.c ..\common\util_log.c ..\common\util_sig.c ..\common\zerofill.c ..\crypto\aes_method.c ..\crypto\crypto.c ..\crypto\mersenne\mt19937db.c "..\crypto\rijndael\rijndael-alg-fst.c" "..\crypto\rijndael\rijndael-api-fst.c" ..\dbm\dbm.c ..\dbreg\dbreg.c ..\dbreg\dbreg_auto.c ..\dbreg\dbreg_rec.c ..\dbreg\dbreg_stat.c ..\dbreg\dbreg_util.c ..\db\crdel_auto.c ..\db\crdel_rec.c ..\db\db.c ..\db\db_am.c ..\db\db_auto.c ..\db\db_cam.c ..\db\db_cds.c ..\db\db_conv.c ..\db\db_dispatch.c ..\db\db_dup.c ..\db\db_iface.c ..\db\db_join.c ..\db\db_meta.c ..\db\db_method.c ..\db\db_open.c ..\db\db_overflow.c ..\db\db_ovfl_vrfy.c ..\db\db_pr.c ..\db\db_rec.c ..\db\db_reclaim.c ..\db\db_remove.c ..\db\db_rename.c ..\db\db_ret.c ..\db\db_setid.c ..\db\db_setlsn.c ..\db\db_sort_multiple.c ..\db\db_stati.c ..\db\db_truncate.c ..\db\db_upg.c ..\db\db_upg_opd.c ..\db\db_vrfy.c ..\db\db_vrfyutil.c ..\db\partition.c ..\env\env_alloc.c ..\env\env_config.c ..\env\env_failchk.c ..\env\env_file.c ..\env\env_globals.c ..\env\env_method.c ..\env\env_name.c ..\env\env_open.c ..\env\env_recover.c ..\env\env_region.c ..\env\env_register.c ..\env\env_sig.c ..\env\env_stat.c ..\fileops\fileops_auto.c ..\fileops\fop_basic.c ..\fileops\fop_rec.c ..\fileops\fop_util.c ..\hash\hash.c ..\hash\hash_auto.c ..\hash\hash_conv.c ..\hash\hash_dup.c ..\hash\hash_func.c ..\hash\hash_meta.c ..\hash\hash_method.c ..\hash\hash_open.c ..\hash\hash_page.c ..\hash\hash_rec.c ..\hash\hash_reclaim.c ..\hash\hash_stat.c ..\hash\hash_upgrade.c ..\hash\hash_verify.c ..\hmac\hmac.c ..\hmac\sha1.c ..\hsearch\hsearch.c ..\lock\lock.c ..\lock\lock_deadlock.c ..\lock\lock_failchk.c ..\lock\lock_id.c ..\lock\lock_list.c ..\lock\lock_method.c ..\lock\lock_region.c ..\lock\lock_stat.c ..\lock\lock_timer.c ..\lock\lock_util.c ..\log\log.c ..\log\log_archive.c ..\log\log_compare.c ..\log\log_debug.c ..\log\log_get.c ..\log\log_method.c ..\log\log_put.c ..\log\log_stat.c ..\mp\mp_alloc.c ..\mp\mp_bh.c ..\mp\mp_fget.c ..\mp\mp_fmethod.c ..\mp\mp_fopen.c ..\mp\mp_fput.c ..\mp\mp_fset.c ..\mp\mp_method.c ..\mp\mp_mvcc.c ..\mp\mp_region.c ..\mp\mp_register.c ..\mp\mp_resize.c ..\mp\mp_stat.c ..\mp\mp_sync.c ..\mp\mp_trickle.c ..\mutex\mut_alloc.c ..\mutex\mut_failchk.c ..\mutex\mut_method.c ..\mutex\mut_region.c ..\mutex\mut_stat.c ..\mutex\mut_win32.c ..\os\os_abort.c ..\os\os_addrinfo.c ..\os\os_alloc.c ..\os\os_ctime.c ..\os\os_pid.c ..\os\os_root.c ..\os\os_rpath.c ..\os\os_stack.c ..\os\os_tmpdir.c ..\os\os_uid.c ..\os_windows\os_abs.c ..\os_windows\os_clock.c ..\os_windows\os_config.c ..\os_windows\os_cpu.c ..\os_windows\os_dir.c ..\os_windows\os_errno.c ..\os_windows\os_fid.c ..\os_windows\os_flock.c ..\os_windows\os_fsync.c ..\os_windows\os_getenv.c ..\os_windows\os_handle.c ..\os_windows\os_map.c ..\os_windows\os_mkdir.c ..\os_windows\os_open.c ..\os_windows\os_rename.c ..\os_windows\os_rw.c ..\os_windows\os_seek.c ..\os_windows\os_stat.c ..\os_windows\os_truncate.c ..\os_windows\os_unlink.c ..\os_windows\os_yield.c ..\qam\qam.c ..\qam\qam_auto.c ..\qam\qam_conv.c ..\qam\qam_files.c ..\qam\qam_method.c ..\qam\qam_open.c ..\qam\qam_rec.c ..\qam\qam_stat.c ..\qam\qam_upgrade.c ..\qam\qam_verify.c ..\repmgr\repmgr_auto.c ..\repmgr\repmgr_elect.c ..\repmgr\repmgr_method.c ..\repmgr\repmgr_msg.c ..\repmgr\repmgr_net.c ..\repmgr\repmgr_queue.c ..\repmgr\repmgr_sel.c ..\repmgr\repmgr_stat.c ..\repmgr\repmgr_util.c ..\repmgr\repmgr_windows.c ..\rep\rep_auto.c ..\rep\rep_backup.c ..\rep\rep_elect.c ..\rep\rep_lease.c ..\rep\rep_log.c ..\rep\rep_method.c ..\rep\rep_record.c ..\rep\rep_region.c ..\rep\rep_stat.c ..\rep\rep_util.c ..\rep\rep_verify.c ..\sequence\sequence.c ..\sequence\seq_stat.c ..\txn\txn.c ..\txn\txn_auto.c ..\txn\txn_chkpt.c ..\txn\txn_failchk.c ..\txn\txn_method.c ..\txn\txn_rec.c ..\txn\txn_recover.c ..\txn\txn_region.c ..\txn\txn_stat.c ..\txn\txn_util.c
         txn_util.c
         txn_stat.c
         txn_region.c
         txn_recover.c
         txn_rec.c
         txn_method.c
         txn_failchk.c
         txn_chkpt.c
         txn_auto.c
         txn.c
         seq_stat.c
         sequence.c
         rep_verify.c
         rep_util.c
         rep_stat.c
         rep_region.c
         rep_record.c
         rep_method.c
         rep_log.c
         rep_lease.c
         Generating Code...
         Compiling...
         rep_elect.c
         rep_backup.c
         rep_auto.c
         repmgr_windows.c
         repmgr_util.c
         repmgr_stat.c
         repmgr_sel.c
         repmgr_queue.c
         repmgr_net.c
         repmgr_msg.c
         repmgr_method.c
         repmgr_elect.c
         repmgr_auto.c
         qam_verify.c
         qam_upgrade.c
         qam_stat.c
         qam_rec.c
         qam_open.c
         qam_method.c
         qam_files.c
         Generating Code...
         Compiling...
         qam_conv.c
         qam_auto.c
         qam.c
         os_yield.c
         os_unlink.c
         os_truncate.c
         os_stat.c
         os_seek.c
         os_rw.c
         os_rename.c
         os_open.c
         os_mkdir.c
         os_map.c
         os_handle.c
         os_getenv.c
         os_fsync.c
         os_flock.c
         os_fid.c
         os_errno.c
         os_dir.c
         Generating Code...
         Compiling...
         os_cpu.c
         os_config.c
     1>..\os_windows\os_config.c(32): warning C4996: 'GetVersion': was declared deprecated
                 C:\Program Files (x86)\Windows Kits\8.1\Include\um\sysinfoapi.h(110) : see declaration of 'GetVersion'
     1>..\os_windows\os_config.c(85): warning C4996: 'GetVersionExW': was declared deprecated
                 C:\Program Files (x86)\Windows Kits\8.1\Include\um\sysinfoapi.h(442) : see declaration of 'GetVersionExW'
         os_clock.c
         os_abs.c
         os_uid.c
         os_tmpdir.c
         os_stack.c
         os_rpath.c
         os_root.c
         os_pid.c
         os_ctime.c
         os_alloc.c
         os_addrinfo.c
     1>..\os\os_addrinfo.c(74): warning C4996: 'inet_addr': Use inet_pton() or InetPton() instead or define _WINSOCK_DEPRECATED_NO_WARNINGS to disable deprecated API warnings
                 C:\Program Files (x86)\Windows Kits\8.1\Include\um\winsock2.h(1850) : see declaration of 'inet_addr'
     1>..\os\os_addrinfo.c(77): warning C4996: 'gethostbyname': Use getaddrinfo() or GetAddrInfoW() instead or define _WINSOCK_DEPRECATED_NO_WARNINGS to disable deprecated API warnings
                 C:\Program Files (x86)\Windows Kits\8.1\Include\um\winsock2.h(2238) : see declaration of 'gethostbyname'
         os_abort.c
         mut_win32.c
         mut_stat.c
         mut_region.c
         mut_method.c
         mut_failchk.c
         mut_alloc.c
         Generating Code...
         Compiling...
         mp_trickle.c
         mp_sync.c
         mp_stat.c
         mp_resize.c
         mp_register.c
         mp_region.c
         mp_mvcc.c
         mp_method.c
         mp_fset.c
         mp_fput.c
         mp_fopen.c
         mp_fmethod.c
         mp_fget.c
         mp_bh.c
         mp_alloc.c
         log_stat.c
         log_put.c
         log_method.c
         log_get.c
         log_debug.c
         Generating Code...
         Compiling...
         log_compare.c
         log_archive.c
         log.c
         lock_util.c
         lock_timer.c
         lock_stat.c
         lock_region.c
         lock_method.c
         lock_list.c
         lock_id.c
         lock_failchk.c
         lock_deadlock.c
         lock.c
         hsearch.c
         sha1.c
         hmac.c
         hash_verify.c
         hash_upgrade.c
         hash_stat.c
         hash_reclaim.c
         Generating Code...
         Compiling...
         hash_rec.c
         hash_page.c
         hash_open.c
         hash_method.c
         hash_meta.c
         hash_func.c
         hash_dup.c
         hash_conv.c
         hash_auto.c
         hash.c
         fop_util.c
         fop_rec.c
         fop_basic.c
         fileops_auto.c
         env_stat.c
         env_sig.c
         env_register.c
         env_region.c
         env_recover.c
         env_open.c
         Generating Code...
         Compiling...
         env_name.c
         env_method.c
         env_globals.c
         env_file.c
         env_failchk.c
         env_config.c
         env_alloc.c
         partition.c
         db_vrfyutil.c
         db_vrfy.c
         db_upg_opd.c
         db_upg.c
         db_truncate.c
         db_stati.c
         db_sort_multiple.c
         db_setlsn.c
         db_setid.c
         db_ret.c
         db_rename.c
         db_remove.c
         Generating Code...
         Compiling...
         db_reclaim.c
         db_rec.c
         db_pr.c
         db_ovfl_vrfy.c
         db_overflow.c
         db_open.c
         db_method.c
         db_meta.c
         db_join.c
         db_iface.c
         db_dup.c
         db_dispatch.c
         db_conv.c
         db_cds.c
         db_cam.c
         db_auto.c
         db_am.c
         db.c
         crdel_rec.c
         crdel_auto.c
         Generating Code...
         Compiling...
         dbreg_util.c
         dbreg_stat.c
         dbreg_rec.c
         dbreg_auto.c
         dbreg.c
         dbm.c
         rijndael-api-fst.c
         rijndael-alg-fst.c
         mt19937db.c
         crypto.c
         aes_method.c
         zerofill.c
         util_sig.c
         util_log.c
         util_cache.c
         os_method.c
         openflags.c
         mkpath.c
         db_shash.c
         db_log2.c
         Generating Code...
         Compiling...
         db_idspace.c
         db_getlong.c
         db_err.c
         db_compint.c
         db_byteorder.c
         dbt.c
         strsep.c
         bt_verify.c
         bt_upgrade.c
         bt_stat.c
         bt_split.c
         bt_search.c
         bt_rsearch.c
         bt_recno.c
         bt_reclaim.c
         bt_rec.c
         bt_put.c
         bt_open.c
         bt_method.c
         bt_delete.c
         Generating Code...
         Compiling...
         bt_cursor.c
         bt_curadj.c
         bt_conv.c
         bt_compress.c
         bt_compare.c
         bt_compact.c
         btree_auto.c
         Generating Code...
         C:\Program Files (x86)\Microsoft Visual Studio 2013\VC\bin\CL.exe /c /I../build_windows /I../ /I../dbinc /Zi /nologo /W3 /WX- /Od /Oy- /D WIN32 /D _WINDOWS /D _CRT_SECURE_NO_DEPRECATE /D _CRT_NONSTDC_NO_DEPRECATE /D _DEBUG /D DB_CREATE_DLL /D WIN32 /D _UNICODE /D UNICODE /D DIAGNOSTIC /D CONFIG_TEST /D _USRDLL /D _WINDLL /D _MBCS /GF /Gm /EHsc /RTC1 /MDd /GS /fp:precise /Zc:wchar_t /Zc:forScope /Fo"..\build_windows\Win32\Debug\db/" /Fd"./..\build_windows\Win32\Debug\db\vc120.pdb" /Gd /TP /analyze- /errorReport:prompt ..\cxx\cxx_db.cpp ..\cxx\cxx_dbc.cpp ..\cxx\cxx_dbt.cpp ..\cxx\cxx_env.cpp ..\cxx\cxx_except.cpp ..\cxx\cxx_lock.cpp ..\cxx\cxx_logc.cpp ..\cxx\cxx_mpool.cpp ..\cxx\cxx_multi.cpp ..\cxx\cxx_seq.cpp ..\cxx\cxx_txn.cpp
         cxx_txn.cpp
         cxx_seq.cpp
         cxx_multi.cpp
         cxx_mpool.cpp
         cxx_logc.cpp
         cxx_lock.cpp
         cxx_except.cpp
         cxx_env.cpp
         cxx_dbt.cpp
         cxx_dbc.cpp
         cxx_db.cpp
         Generating Code...
       ResourceCompile:
         C:\Program Files (x86)\Windows Kits\8.1\bin\x86\rc.exe /D _DEBUG /D ")" /l"0x0409" /nologo /fo"./..\build_windows\Win32\Debug\db\libdb.res" libdb.rc 
     1>C:\Program Files (x86)\MSBuild\Microsoft.Cpp\v4.0\V120\Microsoft.CppBuild.targets(1193,5): warning MSB8012: TargetPath(D:\ppcoin-master\MSVC2013\MSVC2013\db-4.8.30\build_windows\..\build_windows\Win32\Debug\db.dll) does not match the Linker's OutputFile property value (D:\ppcoin-master\MSVC2013\Debug\libdb48d.dll). This may cause your project to build incorrectly. To correct this, please make sure that $(OutDir), $(TargetName) and $(TargetExt) property values match the value specified in %(Link.OutputFile).
     1>C:\Program Files (x86)\MSBuild\Microsoft.Cpp\v4.0\V120\Microsoft.CppBuild.targets(1195,5): warning MSB8012: TargetName(db) does not match the Linker's OutputFile property value (libdb48d). This may cause your project to build incorrectly. To correct this, please make sure that $(OutDir), $(TargetName) and $(TargetExt) property values match the value specified in %(Link.OutputFile).
       Link:
         C:\Program Files (x86)\Microsoft Visual Studio 2013\VC\bin\link.exe /ERRORREPORT:PROMPT /OUT:"D:\ppcoin-master\MSVC2013\Debug\libdb48d.dll" /INCREMENTAL:NO /NOLOGO ws2_32.lib kernel32.lib user32.lib gdi32.lib winspool.lib comdlg32.lib advapi32.lib shell32.lib ole32.lib oleaut32.lib uuid.lib odbc32.lib odbccp32.lib /DEF:"..\build_windows\libdb.def" /MANIFEST /MANIFESTUAC:"level='asInvoker' uiAccess='false'" /manifest:embed /DEBUG /PDB:"..\build_windows\Win32\Debug\libdb48d.pdb" /OPT:REF /TLBID:1 /DYNAMICBASE /NXCOMPAT /IMPLIB:"..\build_windows\Win32\Debug\libdb48d.lib" /SAFESEH /machine:x86 /FIXED:NO /export:__db_assert /DLL ./..\build_windows\Win32\Debug\db\libdb.res
         ..\build_windows\Win32\Debug\db/btree_auto.obj
         ..\build_windows\Win32\Debug\db/bt_compact.obj
         ..\build_windows\Win32\Debug\db/bt_compare.obj
         ..\build_windows\Win32\Debug\db/bt_compress.obj
         ..\build_windows\Win32\Debug\db/bt_conv.obj
         ..\build_windows\Win32\Debug\db/bt_curadj.obj
         ..\build_windows\Win32\Debug\db/bt_cursor.obj
         ..\build_windows\Win32\Debug\db/bt_delete.obj
         ..\build_windows\Win32\Debug\db/bt_method.obj
         ..\build_windows\Win32\Debug\db/bt_open.obj
         ..\build_windows\Win32\Debug\db/bt_put.obj
         ..\build_windows\Win32\Debug\db/bt_rec.obj
         ..\build_windows\Win32\Debug\db/bt_reclaim.obj
         ..\build_windows\Win32\Debug\db/bt_recno.obj
         ..\build_windows\Win32\Debug\db/bt_rsearch.obj
         ..\build_windows\Win32\Debug\db/bt_search.obj
         ..\build_windows\Win32\Debug\db/bt_split.obj
         ..\build_windows\Win32\Debug\db/bt_stat.obj
         ..\build_windows\Win32\Debug\db/bt_upgrade.obj
         ..\build_windows\Win32\Debug\db/bt_verify.obj
         ..\build_windows\Win32\Debug\db/strsep.obj
         ..\build_windows\Win32\Debug\db/dbt.obj
         ..\build_windows\Win32\Debug\db/db_byteorder.obj
         ..\build_windows\Win32\Debug\db/db_compint.obj
         ..\build_windows\Win32\Debug\db/db_err.obj
         ..\build_windows\Win32\Debug\db/db_getlong.obj
         ..\build_windows\Win32\Debug\db/db_idspace.obj
         ..\build_windows\Win32\Debug\db/db_log2.obj
         ..\build_windows\Win32\Debug\db/db_shash.obj
         ..\build_windows\Win32\Debug\db/mkpath.obj
         ..\build_windows\Win32\Debug\db/openflags.obj
         ..\build_windows\Win32\Debug\db/os_method.obj
         ..\build_windows\Win32\Debug\db/util_cache.obj
         ..\build_windows\Win32\Debug\db/util_log.obj
         ..\build_windows\Win32\Debug\db/util_sig.obj
         ..\build_windows\Win32\Debug\db/zerofill.obj
         ..\build_windows\Win32\Debug\db/aes_method.obj
         ..\build_windows\Win32\Debug\db/crypto.obj
         ..\build_windows\Win32\Debug\db/mt19937db.obj
         "..\build_windows\Win32\Debug\db/rijndael-alg-fst.obj"
         "..\build_windows\Win32\Debug\db/rijndael-api-fst.obj"
         ..\build_windows\Win32\Debug\db/cxx_db.obj
         ..\build_windows\Win32\Debug\db/cxx_dbc.obj
         ..\build_windows\Win32\Debug\db/cxx_dbt.obj
         ..\build_windows\Win32\Debug\db/cxx_env.obj
         ..\build_windows\Win32\Debug\db/cxx_except.obj
         ..\build_windows\Win32\Debug\db/cxx_lock.obj
         ..\build_windows\Win32\Debug\db/cxx_logc.obj
         ..\build_windows\Win32\Debug\db/cxx_mpool.obj
         ..\build_windows\Win32\Debug\db/cxx_multi.obj
         ..\build_windows\Win32\Debug\db/cxx_seq.obj
         ..\build_windows\Win32\Debug\db/cxx_txn.obj
         ..\build_windows\Win32\Debug\db/dbm.obj
         ..\build_windows\Win32\Debug\db/dbreg.obj
         ..\build_windows\Win32\Debug\db/dbreg_auto.obj
         ..\build_windows\Win32\Debug\db/dbreg_rec.obj
         ..\build_windows\Win32\Debug\db/dbreg_stat.obj
         ..\build_windows\Win32\Debug\db/dbreg_util.obj
         ..\build_windows\Win32\Debug\db/crdel_auto.obj
         ..\build_windows\Win32\Debug\db/crdel_rec.obj
         ..\build_windows\Win32\Debug\db/db.obj
         ..\build_windows\Win32\Debug\db/db_am.obj
         ..\build_windows\Win32\Debug\db/db_auto.obj
         ..\build_windows\Win32\Debug\db/db_cam.obj
         ..\build_windows\Win32\Debug\db/db_cds.obj
         ..\build_windows\Win32\Debug\db/db_conv.obj
         ..\build_windows\Win32\Debug\db/db_dispatch.obj
         ..\build_windows\Win32\Debug\db/db_dup.obj
         ..\build_windows\Win32\Debug\db/db_iface.obj
         ..\build_windows\Win32\Debug\db/db_join.obj
         ..\build_windows\Win32\Debug\db/db_meta.obj
         ..\build_windows\Win32\Debug\db/db_method.obj
         ..\build_windows\Win32\Debug\db/db_open.obj
         ..\build_windows\Win32\Debug\db/db_overflow.obj
         ..\build_windows\Win32\Debug\db/db_ovfl_vrfy.obj
         ..\build_windows\Win32\Debug\db/db_pr.obj
         ..\build_windows\Win32\Debug\db/db_rec.obj
         ..\build_windows\Win32\Debug\db/db_reclaim.obj
         ..\build_windows\Win32\Debug\db/db_remove.obj
         ..\build_windows\Win32\Debug\db/db_rename.obj
         ..\build_windows\Win32\Debug\db/db_ret.obj
         ..\build_windows\Win32\Debug\db/db_setid.obj
         ..\build_windows\Win32\Debug\db/db_setlsn.obj
         ..\build_windows\Win32\Debug\db/db_sort_multiple.obj
         ..\build_windows\Win32\Debug\db/db_stati.obj
         ..\build_windows\Win32\Debug\db/db_truncate.obj
         ..\build_windows\Win32\Debug\db/db_upg.obj
         ..\build_windows\Win32\Debug\db/db_upg_opd.obj
         ..\build_windows\Win32\Debug\db/db_vrfy.obj
         ..\build_windows\Win32\Debug\db/db_vrfyutil.obj
         ..\build_windows\Win32\Debug\db/partition.obj
         ..\build_windows\Win32\Debug\db/env_alloc.obj
         ..\build_windows\Win32\Debug\db/env_config.obj
         ..\build_windows\Win32\Debug\db/env_failchk.obj
         ..\build_windows\Win32\Debug\db/env_file.obj
         ..\build_windows\Win32\Debug\db/env_globals.obj
         ..\build_windows\Win32\Debug\db/env_method.obj
         ..\build_windows\Win32\Debug\db/env_name.obj
         ..\build_windows\Win32\Debug\db/env_open.obj
         ..\build_windows\Win32\Debug\db/env_recover.obj
         ..\build_windows\Win32\Debug\db/env_region.obj
         ..\build_windows\Win32\Debug\db/env_register.obj
         ..\build_windows\Win32\Debug\db/env_sig.obj
         ..\build_windows\Win32\Debug\db/env_stat.obj
         ..\build_windows\Win32\Debug\db/fileops_auto.obj
         ..\build_windows\Win32\Debug\db/fop_basic.obj
         ..\build_windows\Win32\Debug\db/fop_rec.obj
         ..\build_windows\Win32\Debug\db/fop_util.obj
         ..\build_windows\Win32\Debug\db/hash.obj
         ..\build_windows\Win32\Debug\db/hash_auto.obj
         ..\build_windows\Win32\Debug\db/hash_conv.obj
         ..\build_windows\Win32\Debug\db/hash_dup.obj
         ..\build_windows\Win32\Debug\db/hash_func.obj
         ..\build_windows\Win32\Debug\db/hash_meta.obj
         ..\build_windows\Win32\Debug\db/hash_method.obj
         ..\build_windows\Win32\Debug\db/hash_open.obj
         ..\build_windows\Win32\Debug\db/hash_page.obj
         ..\build_windows\Win32\Debug\db/hash_rec.obj
         ..\build_windows\Win32\Debug\db/hash_reclaim.obj
         ..\build_windows\Win32\Debug\db/hash_stat.obj
         ..\build_windows\Win32\Debug\db/hash_upgrade.obj
         ..\build_windows\Win32\Debug\db/hash_verify.obj
         ..\build_windows\Win32\Debug\db/hmac.obj
         ..\build_windows\Win32\Debug\db/sha1.obj
         ..\build_windows\Win32\Debug\db/hsearch.obj
         ..\build_windows\Win32\Debug\db/lock.obj
         ..\build_windows\Win32\Debug\db/lock_deadlock.obj
         ..\build_windows\Win32\Debug\db/lock_failchk.obj
         ..\build_windows\Win32\Debug\db/lock_id.obj
         ..\build_windows\Win32\Debug\db/lock_list.obj
         ..\build_windows\Win32\Debug\db/lock_method.obj
         ..\build_windows\Win32\Debug\db/lock_region.obj
         ..\build_windows\Win32\Debug\db/lock_stat.obj
         ..\build_windows\Win32\Debug\db/lock_timer.obj
         ..\build_windows\Win32\Debug\db/lock_util.obj
         ..\build_windows\Win32\Debug\db/log.obj
         ..\build_windows\Win32\Debug\db/log_archive.obj
         ..\build_windows\Win32\Debug\db/log_compare.obj
         ..\build_windows\Win32\Debug\db/log_debug.obj
         ..\build_windows\Win32\Debug\db/log_get.obj
         ..\build_windows\Win32\Debug\db/log_method.obj
         ..\build_windows\Win32\Debug\db/log_put.obj
         ..\build_windows\Win32\Debug\db/log_stat.obj
         ..\build_windows\Win32\Debug\db/mp_alloc.obj
         ..\build_windows\Win32\Debug\db/mp_bh.obj
         ..\build_windows\Win32\Debug\db/mp_fget.obj
         ..\build_windows\Win32\Debug\db/mp_fmethod.obj
         ..\build_windows\Win32\Debug\db/mp_fopen.obj
         ..\build_windows\Win32\Debug\db/mp_fput.obj
         ..\build_windows\Win32\Debug\db/mp_fset.obj
         ..\build_windows\Win32\Debug\db/mp_method.obj
         ..\build_windows\Win32\Debug\db/mp_mvcc.obj
         ..\build_windows\Win32\Debug\db/mp_region.obj
         ..\build_windows\Win32\Debug\db/mp_register.obj
         ..\build_windows\Win32\Debug\db/mp_resize.obj
         ..\build_windows\Win32\Debug\db/mp_stat.obj
         ..\build_windows\Win32\Debug\db/mp_sync.obj
         ..\build_windows\Win32\Debug\db/mp_trickle.obj
         ..\build_windows\Win32\Debug\db/mut_alloc.obj
         ..\build_windows\Win32\Debug\db/mut_failchk.obj
         ..\build_windows\Win32\Debug\db/mut_method.obj
         ..\build_windows\Win32\Debug\db/mut_region.obj
         ..\build_windows\Win32\Debug\db/mut_stat.obj
         ..\build_windows\Win32\Debug\db/mut_win32.obj
         ..\build_windows\Win32\Debug\db/os_abort.obj
         ..\build_windows\Win32\Debug\db/os_addrinfo.obj
         ..\build_windows\Win32\Debug\db/os_alloc.obj
         ..\build_windows\Win32\Debug\db/os_ctime.obj
         ..\build_windows\Win32\Debug\db/os_pid.obj
         ..\build_windows\Win32\Debug\db/os_root.obj
         ..\build_windows\Win32\Debug\db/os_rpath.obj
         ..\build_windows\Win32\Debug\db/os_stack.obj
         ..\build_windows\Win32\Debug\db/os_tmpdir.obj
         ..\build_windows\Win32\Debug\db/os_uid.obj
         ..\build_windows\Win32\Debug\db/os_abs.obj
         ..\build_windows\Win32\Debug\db/os_clock.obj
         ..\build_windows\Win32\Debug\db/os_config.obj
         ..\build_windows\Win32\Debug\db/os_cpu.obj
         ..\build_windows\Win32\Debug\db/os_dir.obj
         ..\build_windows\Win32\Debug\db/os_errno.obj
         ..\build_windows\Win32\Debug\db/os_fid.obj
         ..\build_windows\Win32\Debug\db/os_flock.obj
         ..\build_windows\Win32\Debug\db/os_fsync.obj
         ..\build_windows\Win32\Debug\db/os_getenv.obj
         ..\build_windows\Win32\Debug\db/os_handle.obj
         ..\build_windows\Win32\Debug\db/os_map.obj
         ..\build_windows\Win32\Debug\db/os_mkdir.obj
         ..\build_windows\Win32\Debug\db/os_open.obj
         ..\build_windows\Win32\Debug\db/os_rename.obj
         ..\build_windows\Win32\Debug\db/os_rw.obj
         ..\build_windows\Win32\Debug\db/os_seek.obj
         ..\build_windows\Win32\Debug\db/os_stat.obj
         ..\build_windows\Win32\Debug\db/os_truncate.obj
         ..\build_windows\Win32\Debug\db/os_unlink.obj
         ..\build_windows\Win32\Debug\db/os_yield.obj
         ..\build_windows\Win32\Debug\db/qam.obj
         ..\build_windows\Win32\Debug\db/qam_auto.obj
         ..\build_windows\Win32\Debug\db/qam_conv.obj
         ..\build_windows\Win32\Debug\db/qam_files.obj
         ..\build_windows\Win32\Debug\db/qam_method.obj
         ..\build_windows\Win32\Debug\db/qam_open.obj
         ..\build_windows\Win32\Debug\db/qam_rec.obj
         ..\build_windows\Win32\Debug\db/qam_stat.obj
         ..\build_windows\Win32\Debug\db/qam_upgrade.obj
         ..\build_windows\Win32\Debug\db/qam_verify.obj
         ..\build_windows\Win32\Debug\db/repmgr_auto.obj
         ..\build_windows\Win32\Debug\db/repmgr_elect.obj
         ..\build_windows\Win32\Debug\db/repmgr_method.obj
         ..\build_windows\Win32\Debug\db/repmgr_msg.obj
         ..\build_windows\Win32\Debug\db/repmgr_net.obj
         ..\build_windows\Win32\Debug\db/repmgr_queue.obj
         ..\build_windows\Win32\Debug\db/repmgr_sel.obj
         ..\build_windows\Win32\Debug\db/repmgr_stat.obj
         ..\build_windows\Win32\Debug\db/repmgr_util.obj
         ..\build_windows\Win32\Debug\db/repmgr_windows.obj
         ..\build_windows\Win32\Debug\db/rep_auto.obj
         ..\build_windows\Win32\Debug\db/rep_backup.obj
         ..\build_windows\Win32\Debug\db/rep_elect.obj
         ..\build_windows\Win32\Debug\db/rep_lease.obj
         ..\build_windows\Win32\Debug\db/rep_log.obj
         ..\build_windows\Win32\Debug\db/rep_method.obj
         ..\build_windows\Win32\Debug\db/rep_record.obj
         ..\build_windows\Win32\Debug\db/rep_region.obj
         ..\build_windows\Win32\Debug\db/rep_stat.obj
         ..\build_windows\Win32\Debug\db/rep_util.obj
         ..\build_windows\Win32\Debug\db/rep_verify.obj
         ..\build_windows\Win32\Debug\db/sequence.obj
         ..\build_windows\Win32\Debug\db/seq_stat.obj
         ..\build_windows\Win32\Debug\db/txn.obj
         ..\build_windows\Win32\Debug\db/txn_auto.obj
         ..\build_windows\Win32\Debug\db/txn_chkpt.obj
         ..\build_windows\Win32\Debug\db/txn_failchk.obj
         ..\build_windows\Win32\Debug\db/txn_method.obj
         ..\build_windows\Win32\Debug\db/txn_rec.obj
         ..\build_windows\Win32\Debug\db/txn_recover.obj
         ..\build_windows\Win32\Debug\db/txn_region.obj
         ..\build_windows\Win32\Debug\db/txn_stat.obj
         ..\build_windows\Win32\Debug\db/txn_util.obj
            Creating library ..\build_windows\Win32\Debug\libdb48d.lib and object ..\build_windows\Win32\Debug\libdb48d.exp
         db.vcxproj -> D:\ppcoin-master\MSVC2013\MSVC2013\db-4.8.30\build_windows\..\build_windows\Win32\Debug\db.dll
     1>Done Building Project "D:\ppcoin-master\MSVC2013\MSVC2013\db-4.8.30\build_windows\db.vcxproj" (Build target(s)).

Build succeeded.

Time Elapsed 00:00:45.76
